Record Nn' Sn' Vn' Fn' On'  Ns  Ss  Vs  Fs' Os' Nv  Sv   Vv  Fv' Ov' No' So' Vo' Fo'  Q Se   Q +P   V Se   V +P   S Se   S +P RR err
 100  1828  28   1   0  34   0   0   0   0   0   0   0    0   0   0  44   1   0   0  97.63  98.20   0.00      -   0.00      - 122.92
 103  1699   1   0   0  25   0   0   0   0   0   0   0    0   0   0  28   1   0   0  98.32  98.55      -      -   0.00      - 146.18
 105  2016   0  24   3  77   0   0   0   0   0   0   0    0   0   0 105   0   5   2  94.80  96.37   0.00      -      -      - 174.79
 111  1740   0   1   0  23   0   0   0   0   0   0   0    0   0   0  35   0   0   0  98.03  98.70   0.00      -      -      - 132.62
 113  1486   5   0   0  11   0   0   0   0   0   0   0    0   0   0  15   0   0   0  99.00  99.27      -      -   0.00      - 129.27
 117  1244   1   0   0  28   0   0   0   0   0   0   0    0   0   0  39   0   0   0  96.96  97.80      -      -   0.00      - 157.13
 121  1539   1   1   0   8   0   0   0   0   0   0   0    0   0   0  19   0   0   0  98.78  99.48   0.00      -   0.00      - 126.94
 123  1243   0   3   0   8   0   0   0   0   0   0   0    0   0   0  23   0   0   0  98.19  99.36   0.00      -      -      - 192.64
 200  1391  28 673   1  50   0   0   0   0   0   0   0    0   0   0  47   0  27   1  96.54  97.67   0.00      -   0.00      - 161.32
 202  1735  49  15   1  13   0   0   0   0   0   0   0    0   0   0  65   6   0   0  96.21  99.28   0.00      -   0.00      - 180.93
 210  1967  15 111   7  29   0   0   0   0   0   0   0    0   0   0  43   5  54   2  95.28  98.64   0.00      -   0.00      - 212.14
 212  2228   0   0   0  46   0   0   0   0   0   0   0    0   0   0  57   0   0   0  97.51  97.98      -      -      -      - 109.38
 213  2138  20 191 262  59   0   0   0   0   0   0   0    0   0   0  71   7   4   7  96.70  97.79   0.00      -   0.00      - 131.38
 214  1623   0 191   3  19   0   0   0   0   0   0   0    0   0   0  41   0  21   0  96.70  98.97   0.00      -      -      - 228.52
 219  1677   7  47   0  29   0   0   0   0   0   0   0    0   0   0  38   0   4   0  97.63  98.35   0.00      -   0.00      - 154.72
 221  1665   0 309   0  24   0   0   0   0   0   0   0    0   0   0  39   0   7   0  97.72  98.80   0.00      -      -      - 132.07
 222  1057 292   0   0 262   0   0   0   0   0   0   0    0   0   0 638 129   0   0  63.75  83.74      -      -   0.00      - 2261.10
 228  1360   3 297   0  28   0   0   0   0   0   0   0    0   0   0  38   0   5   0  97.48  98.34   0.00      -   0.00      - 158.93
 231  1248   0   0   0   7   0   0   0   0   0   0   0    0   0   0  30   0   0   0  97.65  99.44      -      -      -      - 315.84
 232   313 1151   0   0  13   0   0   0   0   0   0   0    0   0   0   4  17   0   0  98.59  99.12      -      -   0.00      - 183.40
 233  1619   2 535   6  64   0   0   0   0   0   0   0    0   0   0 240   2 157   0  84.42  97.12   0.00      -   0.00      - 411.52
 234  2194  44   2   0  32   0   0   0   0   0   0   0    0   0   0  44   6   1   0  97.77  98.59   0.00      -   0.00      - 128.63
____________________________________________________________________________________________________________________________________
Sum  35010 1647 2401 283 889   0   0   0   0   0   0   0    0   0   0 1703 174 285  12
Gross                                                                                94.76  97.79   0.00      -   0.00      -
Average                                                                              95.26  97.80   0.00      -   0.00      - 270.56
Total QRS complexes: 41515  Total VEBs: 2686  Total SVEBs: 1821

Summary of results from 22 records
