Beat-by-beat comparison results for record 100
Reference annotator: atr
     Test annotator: beat

               Algorithm
        n    s    v    f    q    o    x
   ____________________________________
 N | 1863    0    0    0    0    9    0
 S |   29    0    0    0    0    0    0
 V |    1    0    0    0    0    0    0
 F |    0    0    0    0    0    0    0
 Q |    0    0    0    0    0    0    0
 O |    0    0    0    0    0
 X |    0    0    0    0    0

           QRS sensitivity:  99.53% (1893/1902)
 QRS positive predictivity: 100.00% (1893/1893)
           VEB sensitivity:   0.00% (0/1)
 VEB positive predictivity:      -  (0/0)
          SVEB sensitivity:   0.00% (0/29)
SVEB positive predictivity:      -  (0/0)
     RMS RR interval error:  44.98 ms
Beat-by-beat comparison results for record 103
Reference annotator: atr
     Test annotator: beat

               Algorithm
        n    s    v    f    q    o    x
   ____________________________________
 N | 1720    0    0    0    0    7    0
 S |    2    0    0    0    0    0    0
 V |    0    0    0    0    0    0    0
 F |    0    0    0    0    0    0    0
 Q |    0    0    0    0    0    0    0
 O |    1    0    0    0    0
 X |    0    0    0    0    0

           QRS sensitivity:  99.60% (1722/1729)
 QRS positive predictivity:  99.94% (1722/1723)
           VEB sensitivity:      -  (0/0)
 VEB positive predictivity:      -  (0/0)
          SVEB sensitivity:   0.00% (0/2)
SVEB positive predictivity:      -  (0/0)
     RMS RR interval error:  33.97 ms
Beat-by-beat comparison results for record 105
Reference annotator: atr
     Test annotator: beat

               Algorithm
        n    s    v    f    q    o    x
   ____________________________________
 N | 2093    0    0    0    0   28    0
 S |    0    0    0    0    0    0    0
 V |   29    0    0    0    0    0    0
 F |    0    0    0    0    0    0    0
 Q |    3    0    0    0    0    2    0
 O |   41    0    0    0    0
 X |    6    0    0    0    0

           QRS sensitivity:  98.61% (2125/2155)
 QRS positive predictivity:  97.84% (2125/2172)
           VEB sensitivity:   0.00% (0/29)
 VEB positive predictivity:      -  (0/0)
          SVEB sensitivity:      -  (0/0)
SVEB positive predictivity:      -  (0/0)
     RMS RR interval error:  97.61 ms
Beat-by-beat comparison results for record 111
Reference annotator: atr
     Test annotator: beat

               Algorithm
        n    s    v    f    q    o    x
   ____________________________________
 N | 1766    0    0    0    0    9    0
 S |    0    0    0    0    0    0    0
 V |    1    0    0    0    0    0    0
 F |    0    0    0    0    0    0    0
 Q |    0    0    0    0    0    0    0
 O |    1    0    0    0    0
 X |    0    0    0    0    0

           QRS sensitivity:  99.49% (1767/1776)
 QRS positive predictivity:  99.94% (1767/1768)
           VEB sensitivity:   0.00% (0/1)
 VEB positive predictivity:      -  (0/0)
          SVEB sensitivity:      -  (0/0)
SVEB positive predictivity:      -  (0/0)
     RMS RR interval error:  44.84 ms
Beat-by-beat comparison results for record 113
Reference annotator: atr
     Test annotator: beat

               Algorithm
        n    s    v    f    q    o    x
   ____________________________________
 N | 1495    0    0    0    0    6    0
 S |    5    0    0    0    0    0    0
 V |    0    0    0    0    0    0    0
 F |    0    0    0    0    0    0    0
 Q |    0    0    0    0    0    0    0
 O |    0    0    0    0    0
 X |    0    0    0    0    0

           QRS sensitivity:  99.60% (1500/1506)
 QRS positive predictivity: 100.00% (1500/1500)
           VEB sensitivity:      -  (0/0)
 VEB positive predictivity:      -  (0/0)
          SVEB sensitivity:   0.00% (0/5)
SVEB positive predictivity:      -  (0/0)
     RMS RR interval error:   4.11 ms
Beat-by-beat comparison results for record 117
Reference annotator: atr
     Test annotator: beat

               Algorithm
        n    s    v    f    q    o    x
   ____________________________________
 N | 1277    0    0    0    0    6    0
 S |    1    0    0    0    0    0    0
 V |    0    0    0    0    0    0    0
 F |    0    0    0    0    0    0    0
 Q |    0    0    0    0    0    0    0
 O |    0    0    0    0    0
 X |    0    0    0    0    0

           QRS sensitivity:  99.53% (1278/1284)
 QRS positive predictivity: 100.00% (1278/1278)
           VEB sensitivity:      -  (0/0)
 VEB positive predictivity:      -  (0/0)
          SVEB sensitivity:   0.00% (0/1)
SVEB positive predictivity:      -  (0/0)
     RMS RR interval error:  48.21 ms
Beat-by-beat comparison results for record 121
Reference annotator: atr
     Test annotator: beat

               Algorithm
        n    s    v    f    q    o    x
   ____________________________________
 N | 1551    0    0    0    0    7    0
 S |    1    0    0    0    0    0    0
 V |    1    0    0    0    0    0    0
 F |    0    0    0    0    0    0    0
 Q |    0    0    0    0    0    0    0
 O |    0    0    0    0    0
 X |    0    0    0    0    0

           QRS sensitivity:  99.55% (1553/1560)
 QRS positive predictivity: 100.00% (1553/1553)
           VEB sensitivity:   0.00% (0/1)
 VEB positive predictivity:      -  (0/0)
          SVEB sensitivity:   0.00% (0/1)
SVEB positive predictivity:      -  (0/0)
     RMS RR interval error:  11.02 ms
Beat-by-beat comparison results for record 123
Reference annotator: atr
     Test annotator: beat

               Algorithm
        n    s    v    f    q    o    x
   ____________________________________
 N | 1261    0    0    0    0    5    0
 S |    0    0    0    0    0    0    0
 V |    3    0    0    0    0    0    0
 F |    0    0    0    0    0    0    0
 Q |    0    0    0    0    0    0    0
 O |    1    0    0    0    0
 X |    0    0    0    0    0

           QRS sensitivity:  99.61% (1264/1269)
 QRS positive predictivity:  99.92% (1264/1265)
           VEB sensitivity:   0.00% (0/3)
 VEB positive predictivity:      -  (0/0)
          SVEB sensitivity:      -  (0/0)
SVEB positive predictivity:      -  (0/0)
     RMS RR interval error:  23.77 ms
Beat-by-beat comparison results for record 200
Reference annotator: atr
     Test annotator: beat

               Algorithm
        n    s    v    f    q    o    x
   ____________________________________
 N | 1426    0    0    0    0   12    0
 S |   28    0    0    0    0    0    0
 V |  697    0    0    0    0    3    0
 F |    1    0    0    0    0    1    0
 Q |    0    0    0    0    0    0    0
 O |    6    0    0    0    0
 X |    0    0    0    0    0

           QRS sensitivity:  99.26% (2152/2168)
 QRS positive predictivity:  99.72% (2152/2158)
           VEB sensitivity:   0.00% (0/700)
 VEB positive predictivity:      -  (0/0)
          SVEB sensitivity:   0.00% (0/28)
SVEB positive predictivity:      -  (0/0)
     RMS RR interval error:  76.36 ms
Beat-by-beat comparison results for record 202
Reference annotator: atr
     Test annotator: beat

               Algorithm
        n    s    v    f    q    o    x
   ____________________________________
 N | 1791    0    0    0    0    9    0
 S |   54    0    0    0    0    1    0
 V |   14    0    0    0    0    1    0
 F |    1    0    0    0    0    0    0
 Q |    0    0    0    0    0    0    0
 O |    1    0    0    0    0
 X |    0    0    0    0    0

           QRS sensitivity:  99.41% (1860/1871)
 QRS positive predictivity:  99.95% (1860/1861)
           VEB sensitivity:   0.00% (0/15)
 VEB positive predictivity:      -  (0/0)
          SVEB sensitivity:   0.00% (0/55)
SVEB positive predictivity:      -  (0/0)
     RMS RR interval error:  47.11 ms
Beat-by-beat comparison results for record 210
Reference annotator: atr
     Test annotator: beat

               Algorithm
        n    s    v    f    q    o    x
   ____________________________________
 N | 2001    0    0    0    0    9    0
 S |   15    0    0    0    0    5    0
 V |  146    0    0    0    0   19    0
 F |    5    0    0    0    0    4    0
 Q |    0    0    0    0    0    0    0
 O |    1    0    0    0    0
 X |    1    0    0    0    0

           QRS sensitivity:  98.32% (2167/2204)
 QRS positive predictivity:  99.91% (2167/2169)
           VEB sensitivity:   0.00% (0/165)
 VEB positive predictivity:      -  (0/0)
          SVEB sensitivity:   0.00% (0/20)
SVEB positive predictivity:      -  (0/0)
     RMS RR interval error: 112.05 ms
Beat-by-beat comparison results for record 212
Reference annotator: atr
     Test annotator: beat

               Algorithm
        n    s    v    f    q    o    x
   ____________________________________
 N | 2276    0    0    0    0    9    0
 S |    0    0    0    0    0    0    0
 V |    0    0    0    0    0    0    0
 F |    0    0    0    0    0    0    0
 Q |    0    0    0    0    0    0    0
 O |    0    0    0    0    0
 X |    0    0    0    0    0

           QRS sensitivity:  99.61% (2276/2285)
 QRS positive predictivity: 100.00% (2276/2276)
           VEB sensitivity:      -  (0/0)
 VEB positive predictivity:      -  (0/0)
          SVEB sensitivity:      -  (0/0)
SVEB positive predictivity:      -  (0/0)
     RMS RR interval error:  28.03 ms
Beat-by-beat comparison results for record 213
Reference annotator: atr
     Test annotator: beat

               Algorithm
        n    s    v    f    q    o    x
   ____________________________________
 N | 2200    0    0    0    0    9    0
 S |   26    0    0    0    0    1    0
 V |  173    0    0    0    0   22    0
 F |  269    0    0    0    0    0    0
 Q |    0    0    0    0    0    0    0
 O |   18    0    0    0    0
 X |    0    0    0    0    0

           QRS sensitivity:  98.81% (2668/2700)
 QRS positive predictivity:  99.33% (2668/2686)
           VEB sensitivity:   0.00% (0/195)
 VEB positive predictivity:      -  (0/0)
          SVEB sensitivity:   0.00% (0/27)
SVEB positive predictivity:      -  (0/0)
     RMS RR interval error:  39.34 ms
Beat-by-beat comparison results for record 214
Reference annotator: atr
     Test annotator: beat

               Algorithm
        n    s    v    f    q    o    x
   ____________________________________
 N | 1656    0    0    0    0    8    0
 S |    0    0    0    0    0    0    0
 V |  206    0    0    0    0    6    0
 F |    1    0    0    0    0    0    0
 Q |    2    0    0    0    0    0    0
 O |    0    0    0    0    0
 X |    0    0    0    0    0

           QRS sensitivity:  99.25% (1865/1879)
 QRS positive predictivity: 100.00% (1865/1865)
           VEB sensitivity:   0.00% (0/212)
 VEB positive predictivity:      -  (0/0)
          SVEB sensitivity:      -  (0/0)
SVEB positive predictivity:      -  (0/0)
     RMS RR interval error:  81.71 ms
Beat-by-beat comparison results for record 219
Reference annotator: atr
     Test annotator: beat

               Algorithm
        n    s    v    f    q    o    x
   ____________________________________
 N | 1709    0    0    0    0    6    0
 S |    7    0    0    0    0    0    0
 V |   50    0    0    0    0    1    0
 F |    0    0    0    0    0    0    0
 Q |    0    0    0    0    0    0    0
 O |    0    0    0    0    0
 X |    0    0    0    0    0

           QRS sensitivity:  99.61% (1766/1773)
 QRS positive predictivity: 100.00% (1766/1766)
           VEB sensitivity:   0.00% (0/51)
 VEB positive predictivity:      -  (0/0)
          SVEB sensitivity:   0.00% (0/7)
SVEB positive predictivity:      -  (0/0)
     RMS RR interval error:  17.03 ms
Beat-by-beat comparison results for record 221
Reference annotator: atr
     Test annotator: beat

               Algorithm
        n    s    v    f    q    o    x
   ____________________________________
 N | 1696    0    0    0    0    8    0
 S |    0    0    0    0    0    0    0
 V |  312    0    0    0    0    4    0
 F |    0    0    0    0    0    0    0
 Q |    0    0    0    0    0    0    0
 O |    0    0    0    0    0
 X |    0    0    0    0    0

           QRS sensitivity:  99.41% (2008/2020)
 QRS positive predictivity: 100.00% (2008/2008)
           VEB sensitivity:   0.00% (0/316)
 VEB positive predictivity:      -  (0/0)
          SVEB sensitivity:      -  (0/0)
SVEB positive predictivity:      -  (0/0)
     RMS RR interval error:  59.54 ms
Beat-by-beat comparison results for record 222
Reference annotator: atr
     Test annotator: beat

               Algorithm
        n    s    v    f    q    o    x
   ____________________________________
 N | 1646    0    0    0    0   49    0
 S |  417    0    0    0    0    4    0
 V |    0    0    0    0    0    0    0
 F |    0    0    0    0    0    0    0
 Q |    0    0    0    0    0    0    0
 O |   76    0    0    0    0
 X |    0    0    0    0    0

           QRS sensitivity:  97.50% (2063/2116)
 QRS positive predictivity:  96.45% (2063/2139)
           VEB sensitivity:      -  (0/0)
 VEB positive predictivity:      -  (0/0)
          SVEB sensitivity:   0.00% (0/421)
SVEB positive predictivity:      -  (0/0)
     RMS RR interval error: 177.03 ms
Beat-by-beat comparison results for record 228
Reference annotator: atr
     Test annotator: beat

               Algorithm
        n    s    v    f    q    o    x
   ____________________________________
 N | 1391    0    0    0    0    7    0
 S |    3    0    0    0    0    0    0
 V |  294    0    0    0    0    8    0
 F |    0    0    0    0    0    0    0
 Q |    0    0    0    0    0    0    0
 O |   10    0    0    0    0
 X |    0    0    0    0    0

           QRS sensitivity:  99.12% (1688/1703)
 QRS positive predictivity:  99.41% (1688/1698)
           VEB sensitivity:   0.00% (0/302)
 VEB positive predictivity:      -  (0/0)
          SVEB sensitivity:   0.00% (0/3)
SVEB positive predictivity:      -  (0/0)
     RMS RR interval error: 116.43 ms
Beat-by-beat comparison results for record 231
Reference annotator: atr
     Test annotator: beat

               Algorithm
        n    s    v    f    q    o    x
   ____________________________________
 N | 1272    0    0    0    0    6    0
 S |    0    0    0    0    0    0    0
 V |    0    0    0    0    0    0    0
 F |    0    0    0    0    0    0    0
 Q |    0    0    0    0    0    0    0
 O |    0    0    0    0    0
 X |    0    0    0    0    0

           QRS sensitivity:  99.53% (1272/1278)
 QRS positive predictivity: 100.00% (1272/1272)
           VEB sensitivity:      -  (0/0)
 VEB positive predictivity:      -  (0/0)
          SVEB sensitivity:      -  (0/0)
SVEB positive predictivity:      -  (0/0)
     RMS RR interval error:  29.74 ms
Beat-by-beat comparison results for record 232
Reference annotator: atr
     Test annotator: beat

               Algorithm
        n    s    v    f    q    o    x
   ____________________________________
 N |  316    0    0    0    0    1    0
 S | 1163    0    0    0    0    5    0
 V |    0    0    0    0    0    0    0
 F |    0    0    0    0    0    0    0
 Q |    0    0    0    0    0    0    0
 O |    4    0    0    0    0
 X |    0    0    0    0    0

           QRS sensitivity:  99.60% (1479/1485)
 QRS positive predictivity:  99.73% (1479/1483)
           VEB sensitivity:      -  (0/0)
 VEB positive predictivity:      -  (0/0)
          SVEB sensitivity:   0.00% (0/1168)
SVEB positive predictivity:      -  (0/0)
     RMS RR interval error:  66.01 ms
Beat-by-beat comparison results for record 233
Reference annotator: atr
     Test annotator: beat

               Algorithm
        n    s    v    f    q    o    x
   ____________________________________
 N | 1845    0    0    0    0   14    0
 S |    4    0    0    0    0    0    0
 V |  684    0    0    0    0    8    0
 F |    6    0    0    0    0    0    0
 Q |    0    0    0    0    0    0    0
 O |    0    0    0    0    0
 X |    0    0    0    0    0

           QRS sensitivity:  99.14% (2539/2561)
 QRS positive predictivity: 100.00% (2539/2539)
           VEB sensitivity:   0.00% (0/692)
 VEB positive predictivity:      -  (0/0)
          SVEB sensitivity:   0.00% (0/4)
SVEB positive predictivity:      -  (0/0)
     RMS RR interval error: 168.11 ms
Beat-by-beat comparison results for record 234
Reference annotator: atr
     Test annotator: beat

               Algorithm
        n    s    v    f    q    o    x
   ____________________________________
 N | 2228    0    0    0    0   10    0
 S |   50    0    0    0    0    0    0
 V |    3    0    0    0    0    0    0
 F |    0    0    0    0    0    0    0
 Q |    0    0    0    0    0    0    0
 O |    0    0    0    0    0
 X |    0    0    0    0    0

           QRS sensitivity:  99.56% (2281/2291)
 QRS positive predictivity: 100.00% (2281/2281)
           VEB sensitivity:   0.00% (0/3)
 VEB positive predictivity:      -  (0/0)
          SVEB sensitivity:   0.00% (0/50)
SVEB positive predictivity:      -  (0/0)
     RMS RR interval error:  29.93 ms
